<?xml version="1.0" encoding="UTF-8"?>
<testng-results skipped="0" failed="0" ignored="0" total="1" passed="1">
  <reporter-output>
  </reporter-output>
  <suite name="Default suite" duration-ms="313650" started-at="2022-03-22T15:19:25 IST" finished-at="2022-03-22T15:24:38 IST">
    <groups>
    </groups>
    <test name="Default test" duration-ms="313650" started-at="2022-03-22T15:19:25 IST" finished-at="2022-03-22T15:24:38 IST">
      <class name="MAIN.NewTest">
        <test-method status="PASS" signature="beforeTest()[pri:0, instance:MAIN.NewTest@3d0f8e03]" name="beforeTest" is-config="true" duration-ms="8388" started-at="2022-03-22T15:19:25 IST" finished-at="2022-03-22T15:19:33 IST">
          <reporter-output>
          </reporter-output>
        </test-method> <!-- beforeTest -->
        <test-method status="PASS" signature="f()[pri:0, instance:MAIN.NewTest@3d0f8e03]" name="f" duration-ms="305216" started-at="2022-03-22T15:19:33 IST" finished-at="2022-03-22T15:24:38 IST">
          <reporter-output>
          </reporter-output>
        </test-method> <!-- f -->
        <test-method status="PASS" signature="afterTest()[pri:0, instance:MAIN.NewTest@3d0f8e03]" name="afterTest" is-config="true" duration-ms="0" started-at="2022-03-22T15:24:38 IST" finished-at="2022-03-22T15:24:38 IST">
          <reporter-output>
          </reporter-output>
        </test-method> <!-- afterTest -->
      </class> <!-- MAIN.NewTest -->
    </test> <!-- Default test -->
  </suite> <!-- Default suite -->
</testng-results>
